<?xml version="1.0" encoding="UTF-8"?>
<!-- Generated by org.testng.reporters.JUnitReportReporter -->
<testsuite hostname="suresh-pc" name="Topic6_TestNg_Groups.Example1_Groups" tests="2" failures="0" timestamp="29 Jun 2016 10:29:13 GMT" time="0.000" errors="0">
  <testcase name="testcase5" time="0.000" classname="Topic6_TestNg_Groups.Example1_Groups"/>
  <testcase name="testcase4" time="0.000" classname="Topic6_TestNg_Groups.Example1_Groups"/>
</testsuite> <!-- Topic6_TestNg_Groups.Example1_Groups -->
