<?xml version="1.0" encoding="UTF-8"?>
<!-- Generated by org.testng.reporters.JUnitReportReporter -->
<testsuite hostname="suresh-pc" name="TestNg_Concepts.TestNg_Batches_Groups" tests="2" failures="0" timestamp="10 Jun 2016 13:00:29 GMT" time="24.121" errors="0">
  <testcase name="launchbrowser" time="17.056" classname="TestNg_Concepts.TestNg_Batches_Groups"/>
  <testcase name="EnterToSearch" time="7.065" classname="TestNg_Concepts.TestNg_Batches_Groups"/>
</testsuite> <!-- TestNg_Concepts.TestNg_Batches_Groups -->
