<?xml version="1.0" encoding="UTF-8"?>
<!-- Generated by org.testng.reporters.JUnitReportReporter -->
<testsuite hostname="suresh-pc" name="Topic4_Testng_package_Execution.Example2_Demo2" tests="2" failures="0" timestamp="29 Jun 2016 10:12:55 GMT" time="0.000" errors="0">
  <testcase name="Secondtestcase" time="0.000" classname="Topic4_Testng_package_Execution.Example2_Demo2"/>
  <testcase name="Firsttestcase" time="0.000" classname="Topic4_Testng_package_Execution.Example2_Demo2"/>
</testsuite> <!-- Topic4_Testng_package_Execution.Example2_Demo2 -->
