<?xml version="1.0" encoding="UTF-8"?>
<!-- Generated by org.testng.reporters.JUnitReportReporter -->
<testsuite hostname="suresh-pc" name="Topic4_Testng_package_Execution.Example1_Demo1" tests="2" failures="0" timestamp="29 Jun 2016 10:12:55 GMT" time="0.015" errors="0">
  <testcase name="secondtestcase" time="0.000" classname="Topic4_Testng_package_Execution.Example1_Demo1"/>
  <testcase name="firsttestcase" time="0.015" classname="Topic4_Testng_package_Execution.Example1_Demo1"/>
</testsuite> <!-- Topic4_Testng_package_Execution.Example1_Demo1 -->
