<?xml version="1.0" encoding="UTF-8"?>
<!-- Generated by org.testng.reporters.JUnitReportReporter -->
<testsuite hostname="suresh-pc" name="Topic10_TestCasePriorty.Example1_TestNg_Priorty" tests="3" failures="0" timestamp="29 Jun 2016 13:13:22 GMT" time="0.047" errors="0">
  <testcase name="Register" time="0.047" classname="Topic10_TestCasePriorty.Example1_TestNg_Priorty"/>
  <testcase name="Logout" time="0.000" classname="Topic10_TestCasePriorty.Example1_TestNg_Priorty"/>
  <testcase name="Login" time="0.000" classname="Topic10_TestCasePriorty.Example1_TestNg_Priorty"/>
</testsuite> <!-- Topic10_TestCasePriorty.Example1_TestNg_Priorty -->
