<?xml version="1.0" encoding="UTF-8"?>
<!-- Generated by org.testng.reporters.JUnitReportReporter -->
<testsuite hostname="USER" name="Topic10_Testng_Testcases_priority.Example1_Priority" tests="3" failures="0" timestamp="30 Jun 2016 17:43:35 GMT" time="0.016" errors="0">
  <testcase name="Testcase1" time="0.013" classname="Topic10_Testng_Testcases_priority.Example1_Priority"/>
  <testcase name="Testcase2" time="0.002" classname="Topic10_Testng_Testcases_priority.Example1_Priority"/>
  <testcase name="Testcase3" time="0.001" classname="Topic10_Testng_Testcases_priority.Example1_Priority"/>
</testsuite> <!-- Topic10_Testng_Testcases_priority.Example1_Priority -->
