<?xml version="1.0" encoding="UTF-8"?>
<!-- Generated by org.testng.reporters.JUnitReportReporter -->
<testsuite hostname="suresh-pc" name="Topic8_Skip_Exception_Test.Example1_Skip_Test_Mthod" tests="1" failures="0" timestamp="29 Jun 2016 10:45:56 GMT" time="0.015" errors="0">
  <testcase name="Testcase" time="0.015" classname="Topic8_Skip_Exception_Test.Example1_Skip_Test_Mthod"/>
</testsuite> <!-- Topic8_Skip_Exception_Test.Example1_Skip_Test_Mthod -->
