<?xml version="1.0" encoding="UTF-8"?>
<!-- Generated by org.testng.reporters.JUnitReportReporter -->
<testsuite hostname="suresh-pc" name="Topic20_TestNg_FailedTestcases_Execution.Example1_TestNg" tests="2" failures="0" timestamp="28 Jun 2016 13:07:43 GMT" time="12.733" errors="0">
  <testcase name="VerifyForgotPassword" time="4.212" classname="Topic20_TestNg_FailedTestcases_Execution.Example1_TestNg"/>
  <testcase name="verifyLoginPageText" time="8.521" classname="Topic20_TestNg_FailedTestcases_Execution.Example1_TestNg"/>
</testsuite> <!-- Topic20_TestNg_FailedTestcases_Execution.Example1_TestNg -->
