<?xml version="1.0" encoding="UTF-8"?>
<!-- Generated by org.testng.reporters.JUnitReportReporter -->
<testsuite hostname="suresh-pc" name="Topic1_TestNg.Example1_Testng_Anos" tests="2" failures="0" timestamp="29 Jun 2016 09:50:43 GMT" time="0.000" errors="0">
  <testcase name="Testcase2" time="0.000" classname="Topic1_TestNg.Example1_Testng_Anos"/>
  <testcase name="Testcase1" time="0.000" classname="Topic1_TestNg.Example1_Testng_Anos"/>
</testsuite> <!-- Topic1_TestNg.Example1_Testng_Anos -->
