<?xml version="1.0" encoding="UTF-8"?>
<!-- Generated by org.testng.reporters.JUnitReportReporter -->
<testsuite hostname="suresh-pc" name="Topic5_Testng_MultipleClasses_Execute.Example1_DemoOne" tests="2" failures="0" timestamp="29 Jun 2016 10:21:23 GMT" time="0.016" errors="0">
  <testcase name="secondtestcase" time="0.000" classname="Topic5_Testng_MultipleClasses_Execute.Example1_DemoOne"/>
  <testcase name="firsttestcase" time="0.016" classname="Topic5_Testng_MultipleClasses_Execute.Example1_DemoOne"/>
</testsuite> <!-- Topic5_Testng_MultipleClasses_Execute.Example1_DemoOne -->
