<?xml version="1.0" encoding="UTF-8"?>
<!-- Generated by org.testng.reporters.JUnitReportReporter -->
<testsuite hostname="suresh-pc" name="Topic3_TestNg_DataProvider.Example1_DataProvider" tests="2" failures="0" timestamp="29 Jun 2016 10:02:45 GMT" time="0.016" errors="0">
  <testcase name="setdata" time="0.000" classname="Topic3_TestNg_DataProvider.Example1_DataProvider"/>
  <testcase name="setdata" time="0.016" classname="Topic3_TestNg_DataProvider.Example1_DataProvider"/>
</testsuite> <!-- Topic3_TestNg_DataProvider.Example1_DataProvider -->
